3/5/2026 21:42:48	Este registro contiene información acerca de la operación de importación de esquema en el proyecto 'Proyecto_Celulares_DACPAC' del equipo 'RODRIGO' por el usuario 'Rodrigo'.
3/5/2026 21:42:48	Se inició la importación del esquema de la base de datos.
3/5/2026 21:43:10	Recopilando credenciales de la base de datos
3/5/2026 21:43:10	Recopilando opciones de base de datos
3/5/2026 21:43:10	Recopilando la opción de configuración de ámbito de la base de datos genérica
3/5/2026 21:43:10	Recopilando usuarios
3/5/2026 21:43:10	Recopilando roles
3/5/2026 21:43:10	Recopilando roles de aplicación
3/5/2026 21:43:10	Recopilando pertenencias a roles
3/5/2026 21:43:10	Recopilando grupos de archivos
3/5/2026 21:43:10	Recopilando catálogos de texto completo
3/5/2026 21:43:10	Recopilando ensamblados
3/5/2026 21:43:10	Recopilando certificados
3/5/2026 21:43:10	Recopilando claves asimétricas
3/5/2026 21:43:10	Recopilando claves simétricas
3/5/2026 21:43:10	Recopilando claves simétricas cifradas
3/5/2026 21:43:10	Recopilando esquemas
3/5/2026 21:43:10	Recopilando colecciones de esquemas XML
3/5/2026 21:43:10	Recopilando tipos de datos definidos por el usuario
3/5/2026 21:43:10	Recopilando tipos definidos por el usuario
3/5/2026 21:43:10	Recopilando tipos de tabla
3/5/2026 21:43:10	Recopilando claves únicas para tipos de tabla
3/5/2026 21:43:10	Recopilando claves principales para tipos de tabla
3/5/2026 21:43:10	Recopilando índices para tipos de tablas
3/5/2026 21:43:10	Recopilando restricciones CHECK para tipos de tabla
3/5/2026 21:43:10	Recopilando restricciones DEFAULT para tipos de tabla
3/5/2026 21:43:10	Recopilando funciones de partición
3/5/2026 21:43:10	Recopilando esquemas de partición
3/5/2026 21:43:10	Recopilando funciones
3/5/2026 21:43:10	Recopilando funciones cifradas
3/5/2026 21:43:10	Recopilando agregados
3/5/2026 21:43:10	Recopilando procedimientos
3/5/2026 21:43:10	Recopilando procedimientos cifrados
3/5/2026 21:43:10	Recopilando tablas
3/5/2026 21:43:10	Recopilando claves principales
3/5/2026 21:43:10	Recopilando restricciones UNIQUE
3/5/2026 21:43:10	Recopilando claves externas
3/5/2026 21:43:10	Recopilando restricciones DEFAULT
3/5/2026 21:43:10	Recopilando restricciones CHECK
3/5/2026 21:43:10	Recopilando vistas
3/5/2026 21:43:10	Recopilando vistas cifradas
3/5/2026 21:43:10	Recopilando índices
3/5/2026 21:43:10	Recopilando estadísticas
3/5/2026 21:43:10	Recopilando listas de palabras irrelevantes de índices de texto completo
3/5/2026 21:43:10	Recopilando listas de propiedades de búsqueda
3/5/2026 21:43:10	Recopilando propiedades de búsqueda
3/5/2026 21:43:10	Recopilando índices de texto completo
3/5/2026 21:43:10	Recopilando índices de almacenamiento de columnas
3/5/2026 21:43:10	Recopilando índices espaciales
3/5/2026 21:43:10	Recopilando índices XML
3/5/2026 21:43:10	Recolección de índices JSON
3/5/2026 21:43:10	Recopilando índices XML selectivos
3/5/2026 21:43:10	Recopilando desencadenadores cifrados
3/5/2026 21:43:10	Recopilando desencadenadores
3/5/2026 21:43:10	Recopilando DDL triggers cifrados y de CLR
3/5/2026 21:43:10	Recopilando DDL triggers
3/5/2026 21:43:10	Creación de la restricción perimetral en curso
3/5/2026 21:43:10	Recopilando sinónimos
3/5/2026 21:43:10	Recopilando valores predeterminados
3/5/2026 21:43:10	Recopilando enlaces UDDT de restricción de datos
3/5/2026 21:43:10	Recopilando reglas
3/5/2026 21:43:10	Recopilando enlaces UDDT de restricción de datos
3/5/2026 21:43:10	Recopilando tipos de mensaje
3/5/2026 21:43:10	Recopilando colas
3/5/2026 21:43:10	Recopilando contratos
3/5/2026 21:43:10	Recopilando servicios
3/5/2026 21:43:10	Recopilando notificaciones de eventos
3/5/2026 21:43:10	Recopilando enlaces de servicio remoto
3/5/2026 21:43:10	Recopilando prioridades de Broker
3/5/2026 21:43:10	Recopilando firmas
3/5/2026 21:43:10	Recopilando opciones de compresión
3/5/2026 21:43:10	Recopilando tipos de secuencia
3/5/2026 21:43:10	Recopilando directivas de seguridad
3/5/2026 21:43:10	Recopilar claves de cifrado de columna
3/5/2026 21:43:10	Recopilando claves maestras de columna
3/5/2026 21:43:10	Recopilando orígenes de datos externos
3/5/2026 21:43:10	Recopilando formatos de archivo externos
3/5/2026 21:43:10	Recopilando modelos externos
3/5/2026 21:43:10	Recopilando tablas externas
3/5/2026 21:43:10	Recopilando opciones de compresión de índice XML
3/5/2026 21:43:10	Recopilando propiedades extendidas
3/5/2026 21:43:10	Recopilando ensamblados
3/5/2026 21:43:11	Recopilando credenciales
3/5/2026 21:43:11	Recopilando inicios de sesión
3/5/2026 21:43:11	Recopilando auditorías de servidor
3/5/2026 21:43:11	Buscando elementos duplicados en el proyecto
3/5/2026 21:43:11	Ha finalizado el procesamiento de los elementos duplicados
3/5/2026 21:43:12	Finalizó la importación de la base de datos.
3/5/2026 21:43:12	Se guardó un resumen de la importación en la siguiente ubicación: C:\Users\Edgar\Desktop\Modulo 2_tarera\Proyecto_Celulares_DACPAC\Registros de importación de esquemas\Proyecto_Celulares_D_20260504014248.log
3/5/2026 21:43:12	Haga clic en Finalizar para continuar...
